<?xml version="1.0" encoding="UTF-8"?>
<coverage generated="1635649551357" clover="3.2.0">
  <project timestamp="1635649551358" name="All files">
    <metrics statements="7" coveredstatements="7" conditionals="1" coveredconditionals="1" methods="1" coveredmethods="1" elements="9" coveredelements="9" complexity="0" loc="7" ncloc="7" packages="1" files="1" classes="1"/>
    <file name="SignUp.ts" path="C:\Users\chris\Estudos\design-patterns-DDD-Registers\src\presentation\controllers\SignUp.ts">
      <metrics statements="7" coveredstatements="7" conditionals="1" coveredconditionals="1" methods="1" coveredmethods="1"/>
      <line num="2" count="1" type="stmt"/>
      <line num="3" count="1" type="stmt"/>
      <line num="6" count="1" type="stmt"/>
      <line num="8" count="3" type="stmt"/>
      <line num="9" count="3" type="stmt"/>
      <line num="10" count="6" type="cond" truecount="1" falsecount="0"/>
      <line num="11" count="3" type="stmt"/>
    </file>
  </project>
</coverage>
