{"C:\\Users\\chris\\Estudos\\design-patterns-DDD-Registers\\src\\presentation\\controllers\\SignUp.ts": {"path":"C:\\Users\\chris\\Estudos\\design-patterns-DDD-Registers\\src\\presentation\\controllers\\SignUp.ts","statementMap":{"0":{"start":{"line":2,"column":0},"end":{"line":2,"column":64}},"1":{"start":{"line":3,"column":0},"end":{"line":3,"column":50}},"2":{"start":{"line":8,"column":27},"end":{"line":8,"column":56}},"3":{"start":{"line":9,"column":4},"end":{"line":13,"column":null}},"4":{"start":{"line":10,"column":6},"end":{"line":12,"column":null}},"5":{"start":{"line":11,"column":8},"end":{"line":11,"column":null}},"6":{"start":{"line":6,"column":0},"end":{"line":6,"column":13}}},"fnMap":{"0":{"name":"(anonymous_0)","decl":{"start":{"line":7,"column":2},"end":{"line":7,"column":8}},"loc":{"start":{"line":7,"column":34},"end":{"line":14,"column":3}}}},"branchMap":{"0":{"loc":{"start":{"line":10,"column":6},"end":{"line":12,"column":null}},"type":"if","locations":[{"start":{"line":10,"column":6},"end":{"line":12,"column":null}}]}},"s":{"0":1,"1":1,"2":3,"3":3,"4":6,"5":3,"6":1},"f":{"0":3},"b":{"0":[3]}}
}
