TN:
SF:src\presentation\controllers\SignUp.ts
FN:9,(anonymous_0)
FN:11,(anonymous_1)
FNF:2
FNH:2
FNDA:6,(anonymous_0)
FNDA:6,(anonymous_1)
DA:2,1
DA:3,1
DA:5,1
DA:8,1
DA:9,6
DA:12,6
DA:13,6
DA:14,6
DA:15,18
DA:16,3
DA:20,3
DA:21,2
DA:22,1
DA:25,1
LF:14
LH:14
BRDA:15,0,0,3
BRDA:21,1,0,1
BRF:2
BRH:2
end_of_record
TN:
SF:src\presentation\helpers\httpHelper.ts
FN:4,(anonymous_0)
FN:9,(anonymous_1)
FNF:2
FNH:2
FNDA:4,(anonymous_0)
FNDA:1,(anonymous_1)
DA:1,1
DA:4,4
DA:9,1
LF:3
LH:3
BRF:0
BRH:0
end_of_record
