TN:
SF:src\presentation\controllers\SignUp.ts
FN:9,(anonymous_0)
FN:11,(anonymous_1)
FNF:2
FNH:2
FNDA:5,(anonymous_0)
FNDA:5,(anonymous_1)
DA:2,1
DA:3,1
DA:5,1
DA:8,1
DA:9,5
DA:12,5
DA:13,5
DA:14,14
DA:15,3
DA:19,2
DA:20,2
DA:21,1
LF:12
LH:12
BRDA:14,0,0,3
BRDA:20,1,0,1
BRF:2
BRH:2
end_of_record
TN:
SF:src\presentation\errors\InvalidParamsError.ts
FN:2,(anonymous_0)
FNF:1
FNH:1
FNDA:2,(anonymous_0)
DA:3,2
DA:4,2
DA:8,1
LF:3
LH:3
BRF:0
BRH:0
end_of_record
TN:
SF:src\presentation\errors\MissingParamsError.ts
FN:3,(anonymous_0)
FNF:1
FNH:1
FNDA:6,(anonymous_0)
DA:4,6
DA:5,6
DA:9,1
LF:3
LH:3
BRF:0
BRH:0
end_of_record
